#
# There is insufficient memory for the Java Runtime Environment to continue.
# Native memory allocation (malloc) failed to allocate 1048576 bytes for AllocateHeap
# Possible reasons:
#   The system is out of physical RAM or swap space
#   The process is running with CompressedOops enabled, and the Java Heap may be blocking the growth of the native heap
# Possible solutions:
#   Reduce memory load on the system
#   Increase physical memory or swap space
#   Check if swap backing store is full
#   Decrease Java heap size (-Xmx/-Xms)
#   Decrease number of Java threads
#   Decrease Java thread stack sizes (-Xss)
#   Set larger code cache with -XX:ReservedCodeCacheSize=
# This output file may be truncated or incomplete.
#
#  Out of Memory Error (c:/BuildAgent/work/5ff2f6c26000d570/src/hotspot/share/memory/allocation.cpp:46), pid=3116, tid=3324
#
# JRE version:  (11.0.5+10) (build )
# Java VM: OpenJDK 64-Bit Server VM (11.0.5+10-b520.17, mixed mode, aot, sharing, tiered, compressed oops, g1 gc, windows-amd64)
# Core dump will be written. Default location: C:\angular\hs_err_pid3116.mdmp
#

---------------  S U M M A R Y ------------

Command Line: org.jetbrains.git4idea.http.GitAskPassApp Username for 'https://github.com': 

Host: QEMU Virtual CPU version 2.1.2, 2 cores, 1G,  Windows Server 2012 R2 , 64 bit Build 9600 (6.3.9600.19538)
Time: Sat Jan 11 18:05:45 2020 GTB Standard Time elapsed time: 0 seconds (0d 0h 0m 0s)

---------------  T H R E A D  ---------------

Current thread (0x0000004019545800):  JavaThread "Unknown thread" [_thread_in_vm, id=3324, stack(0x0000004018bf0000,0x0000004018cf0000)]

Stack: [0x0000004018bf0000,0x0000004018cf0000]
Native frames: (J=compiled Java code, j=interpreted, Vv=VM code, C=native code)
V  [jvm.dll+0x5dcafa]
V  [jvm.dll+0x70e375]
V  [jvm.dll+0x70f898]
V  [jvm.dll+0x70ff63]
V  [jvm.dll+0x23e238]
V  [jvm.dll+0xb0344]
V  [jvm.dll+0x2dd632]
V  [jvm.dll+0x2d66aa]
V  [jvm.dll+0x6ed237]
V  [jvm.dll+0x6eea2c]
V  [jvm.dll+0x355849]
V  [jvm.dll+0x6d239e]
V  [jvm.dll+0x3be283]
V  [jvm.dll+0x3c0701]
C  [jli.dll+0x5363]
C  [ucrtbase.DLL+0x1c1ae]
C  [KERNEL32.DLL+0x13d2]
C  [ntdll.dll+0x154f4]


---------------  P R O C E S S  ---------------

Threads class SMR info:
_java_thread_list=0x00000040173ee350, length=0, elements={
}

Java Threads: ( => current thread )

Other Threads:
  0x000000401955d000 GCTaskThread "GC Thread#0" [stack: 0x0000004018ed0000,0x0000004018fd0000] [id=1148]

[error occurred during error reporting (printing all threads), id 0xc0000005, EXCEPTION_ACCESS_VIOLATION (0xc0000005) at pc=0x00007ffaec2a2990]

VM state:not at safepoint (not fully initialized)

VM Mutex/Monitor currently owned by a thread:  ([mutex/lock_event])
[0x00000040195422d0] Heap_lock - owner thread: 0x0000004019545800

Heap address: 0x00000000e0000000, size: 512 MB, Compressed Oops mode: Non-zero based: 0x00000000e0000000
Narrow klass base: 0x0000000000000000, Narrow klass shift: 0

GC Heap History (0 events):
No events

Deoptimization events (0 events):
No events

Classes redefined (0 events):
No events

Internal exceptions (0 events):
No events

Events (0 events):
No events


Dynamic libraries:
0x00007ff603710000 - 0x00007ff60371a000 	C:\Program Files\JetBrains\WebStorm 2019.3.1\jbr\bin\java.exe
0x00007ffb00570000 - 0x00007ffb0071d000 	C:\Windows\SYSTEM32\ntdll.dll
0x00007ffafe710000 - 0x00007ffafe84f000 	C:\Windows\system32\KERNEL32.DLL
0x00007ffafda50000 - 0x00007ffafdb66000 	C:\Windows\system32\KERNELBASE.dll
0x00007ffaf7500000 - 0x00007ffaf7519000 	C:\Program Files\JetBrains\WebStorm 2019.3.1\jbr\bin\jli.dll
0x00007ffaf65d0000 - 0x00007ffaf65e7000 	C:\Program Files\JetBrains\WebStorm 2019.3.1\jbr\bin\VCRUNTIME140.dll
0x00007ffaf91e0000 - 0x00007ffaf91e4000 	C:\Program Files\JetBrains\WebStorm 2019.3.1\jbr\bin\api-ms-win-crt-stdio-l1-1-0.dll
0x00007ffaf9160000 - 0x00007ffaf9164000 	C:\Program Files\JetBrains\WebStorm 2019.3.1\jbr\bin\api-ms-win-crt-runtime-l1-1-0.dll
0x00007ffaf65c0000 - 0x00007ffaf65c3000 	C:\Program Files\JetBrains\WebStorm 2019.3.1\jbr\bin\api-ms-win-crt-environment-l1-1-0.dll
0x00007ffaf5830000 - 0x00007ffaf5835000 	C:\Program Files\JetBrains\WebStorm 2019.3.1\jbr\bin\api-ms-win-crt-math-l1-1-0.dll
0x00007ffaf5820000 - 0x00007ffaf5823000 	C:\Program Files\JetBrains\WebStorm 2019.3.1\jbr\bin\api-ms-win-crt-locale-l1-1-0.dll
0x00007ffaf57d0000 - 0x00007ffaf57d3000 	C:\Program Files\JetBrains\WebStorm 2019.3.1\jbr\bin\api-ms-win-crt-heap-l1-1-0.dll
0x00007ffafb030000 - 0x00007ffafb2ab000 	C:\Windows\WinSxS\amd64_microsoft.windows.common-controls_6595b64144ccf1df_6.0.9600.19394_none_62486577ecb635cf\COMCTL32.dll
0x00007ffafdde0000 - 0x00007ffafdf57000 	C:\Windows\system32\USER32.dll
0x00007ffaf57c0000 - 0x00007ffaf57c3000 	C:\Program Files\JetBrains\WebStorm 2019.3.1\jbr\bin\api-ms-win-crt-filesystem-l1-1-0.dll
0x00007ffaf44e0000 - 0x00007ffaf44e4000 	C:\Program Files\JetBrains\WebStorm 2019.3.1\jbr\bin\api-ms-win-crt-string-l1-1-0.dll
0x00007ffaf44d0000 - 0x00007ffaf44d4000 	C:\Program Files\JetBrains\WebStorm 2019.3.1\jbr\bin\api-ms-win-crt-convert-l1-1-0.dll
0x00007ffafe850000 - 0x00007ffafe8fa000 	C:\Windows\system32\msvcrt.dll
0x00007ffb003e0000 - 0x00007ffb0052c000 	C:\Windows\system32\GDI32.dll
0x00007ffaf3c30000 - 0x00007ffaf3d2a000 	C:\Program Files\JetBrains\WebStorm 2019.3.1\jbr\bin\ucrtbase.DLL
0x00007ffb00530000 - 0x00007ffb00566000 	C:\Windows\system32\IMM32.DLL
0x00007ffafe420000 - 0x00007ffafe572000 	C:\Windows\system32\MSCTF.dll
0x00007ffaf4170000 - 0x00007ffaf420d000 	C:\Program Files\JetBrains\WebStorm 2019.3.1\jbr\bin\msvcp140.dll
0x00007ffaf4260000 - 0x00007ffaf4265000 	C:\Program Files\JetBrains\WebStorm 2019.3.1\jbr\bin\api-ms-win-crt-multibyte-l1-1-0.dll
0x00007ffaf4250000 - 0x00007ffaf4253000 	C:\Program Files\JetBrains\WebStorm 2019.3.1\jbr\bin\api-ms-win-crt-time-l1-1-0.dll
0x00007ffaf4240000 - 0x00007ffaf4243000 	C:\Program Files\JetBrains\WebStorm 2019.3.1\jbr\bin\api-ms-win-crt-utility-l1-1-0.dll
0x00007ffaebfc0000 - 0x00007ffaeca7b000 	C:\Program Files\JetBrains\WebStorm 2019.3.1\jbr\bin\server\jvm.dll
0x00007ffaffef0000 - 0x00007ffafff9a000 	C:\Windows\system32\ADVAPI32.dll
0x00007ffafaa10000 - 0x00007ffafaa19000 	C:\Windows\SYSTEM32\WSOCK32.dll
0x00007ffaf5200000 - 0x00007ffaf5222000 	C:\Windows\SYSTEM32\WINMM.dll
0x00007ffaf85c0000 - 0x00007ffaf85ca000 	C:\Windows\SYSTEM32\VERSION.dll
0x00007ffb00370000 - 0x00007ffb00377000 	C:\Windows\system32\PSAPI.DLL
0x00007ffafe6b0000 - 0x00007ffafe709000 	C:\Windows\SYSTEM32\sechost.dll
0x00007ffb00070000 - 0x00007ffb001b0000 	C:\Windows\system32\RPCRT4.dll
0x00007ffafe580000 - 0x00007ffafe5da000 	C:\Windows\system32\WS2_32.dll
0x00007ffaf51d0000 - 0x00007ffaf51fa000 	C:\Windows\SYSTEM32\WINMMBASE.dll
0x00007ffafdb70000 - 0x00007ffafdb9e000 	C:\Windows\system32\SspiCli.dll
0x00007ffafe320000 - 0x00007ffafe329000 	C:\Windows\system32\NSI.dll
0x00007ffafda00000 - 0x00007ffafda4f000 	C:\Windows\SYSTEM32\cfgmgr32.dll
0x00007ffafc540000 - 0x00007ffafc568000 	C:\Windows\SYSTEM32\DEVOBJ.dll
0x00007ffaf6760000 - 0x00007ffaf6771000 	C:\Program Files\JetBrains\WebStorm 2019.3.1\jbr\bin\verify.dll
0x00007ffaeb070000 - 0x00007ffaeb1f9000 	C:\Windows\SYSTEM32\DBGHELP.DLL
0x00007ffaf6730000 - 0x00007ffaf6759000 	C:\Program Files\JetBrains\WebStorm 2019.3.1\jbr\bin\java.dll
0x00007ffaf6710000 - 0x00007ffaf6727000 	C:\Program Files\JetBrains\WebStorm 2019.3.1\jbr\bin\zip.dll
0x00007ffaf74f0000 - 0x00007ffaf74fb000 	C:\Program Files\JetBrains\WebStorm 2019.3.1\jbr\bin\jimage.dll

dbghelp: loaded successfully - version: 4.0.5 - missing functions: none
symbol engine: initialized successfully - sym options: 0x614 - pdb path: .;C:\Program Files\JetBrains\WebStorm 2019.3.1\jbr\bin;C:\Windows\SYSTEM32;C:\Windows\WinSxS\amd64_microsoft.windows.common-controls_6595b64144ccf1df_6.0.9600.19394_none_62486577ecb635cf;C:\Program Files\JetBrains\WebStorm 2019.3.1\jbr\bin\server

VM Arguments:
java_command: org.jetbrains.git4idea.http.GitAskPassApp Username for 'https://github.com': 
java_class_path (initial): C:/Program Files/JetBrains/WebStorm 2019.3.1/plugins/git4idea/lib/git4idea-rt.jar;C:/Program Files/JetBrains/WebStorm 2019.3.1/lib/xmlrpc-2.0.1.jar;C:/Program Files/JetBrains/WebStorm 2019.3.1/lib/commons-codec-1.13.jar;C:/Program Files/JetBrains/WebStorm 2019.3.1/lib/util.jar
Launcher Type: SUN_STANDARD

[Global flags]
     intx CICompilerCount                          = 2                                         {product} {ergonomic}
     uint ConcGCThreads                            = 1                                         {product} {ergonomic}
     uint G1ConcRefinementThreads                  = 2                                         {product} {ergonomic}
   size_t G1HeapRegionSize                         = 1048576                                   {product} {ergonomic}
    uintx GCDrainStackTargetSize                   = 64                                        {product} {ergonomic}
   size_t InitialHeapSize                          = 33554432                                  {product} {ergonomic}
   size_t MarkStackSize                            = 4194304                                   {product} {ergonomic}
   size_t MaxHeapSize                              = 536870912                                 {product} {ergonomic}
   size_t MinHeapDeltaBytes                        = 1048576                                   {product} {ergonomic}
    uintx NonNMethodCodeHeapSize                   = 5825164                                {pd product} {ergonomic}
    uintx NonProfiledCodeHeapSize                  = 122916538                              {pd product} {ergonomic}
    uintx ProfiledCodeHeapSize                     = 122916538                              {pd product} {ergonomic}
    uintx ReservedCodeCacheSize                    = 251658240                              {pd product} {ergonomic}
     bool SegmentedCodeCache                       = true                                      {product} {ergonomic}
     bool UseCompressedClassPointers               = true                                 {lp64_product} {ergonomic}
     bool UseCompressedOops                        = true                                 {lp64_product} {ergonomic}
     bool UseG1GC                                  = true                                      {product} {ergonomic}
     bool UseLargePagesIndividualAllocation        = false                                  {pd product} {ergonomic}

Logging:
Log output configuration:
 #0: stdout all=warning uptime,level,tags
 #1: stderr all=off uptime,level,tags

Environment Variables:
PATH=C:\Program Files\Git\mingw64\libexec\git-core;C:\Program Files\Git\mingw64\libexec\git-core;C:\Program Files\Git\mingw64\bin;C:\Program Files\Git\usr\bin;C:\Users\Administrator\bin;C:\Python27;C:\Python27\Scripts;C:\Windows\system32;C:\Windows;C:\Windows\System32\Wbem;C:\Windows\System32\WindowsPowerShell\v1.0;C:\Program Files\nodejs;C:\ProgramData\chocolatey\bin;C:\Program Files\Git\cmd;C:\Users\Administrator\AppData\Roaming\npm;C:\Program Files\JetBrains\WebStorm 2019.3.1\bin
USERNAME=Administrator
DISPLAY=:0.0
OS=Windows_NT
PROCESSOR_IDENTIFIER=AMD64 Family 6 Model 6 Stepping 3, AuthenticAMD



---------------  S Y S T E M  ---------------

OS: Windows Server 2012 R2 , 64 bit Build 9600 (6.3.9600.19538)
KVM virtualization detected

CPU:total 2 (initial active 2) (1 cores per cpu, 1 threads per core) family 6 model 6 stepping 3, cmov, cx8, fxsr, mmx, sse, sse2, sse3, popcnt, lzcnt, tsc

Memory: 4k page, system-wide physical 2047M (88M free)
TotalPageFile size 2559M (AvailPageFile size 5M)
current process WorkingSet (physical memory assigned to process): 8M, peak: 8M
current process commit charge ("private bytes"): 45M, peak: 46M

vm_info: OpenJDK 64-Bit Server VM (11.0.5+10-b520.17) for windows-amd64 JRE (11.0.5+10-b520.17), built on Dec  2 2019 12:11:34 by "" with MS VC++ 14.0 (VS2015)

END.
