#
# There is insufficient memory for the Java Runtime Environment to continue.
# Native memory allocation (mmap) failed to map 33554432 bytes for Failed to commit area from 0x00000000e0000000 to 0x00000000e2000000 of length 33554432.
# Possible reasons:
#   The system is out of physical RAM or swap space
#   The process is running with CompressedOops enabled, and the Java Heap may be blocking the growth of the native heap
# Possible solutions:
#   Reduce memory load on the system
#   Increase physical memory or swap space
#   Check if swap backing store is full
#   Decrease Java heap size (-Xmx/-Xms)
#   Decrease number of Java threads
#   Decrease Java thread stack sizes (-Xss)
#   Set larger code cache with -XX:ReservedCodeCacheSize=
# This output file may be truncated or incomplete.
#
#  Out of Memory Error (c:/BuildAgent/work/5ff2f6c26000d570/src/hotspot/os/windows/os_windows.cpp:3291), pid=1724, tid=504
#
# JRE version:  (11.0.5+10) (build )
# Java VM: OpenJDK 64-Bit Server VM (11.0.5+10-b520.17, mixed mode, aot, sharing, tiered, compressed oops, g1 gc, windows-amd64)
# Core dump will be written. Default location: C:\angular\hs_err_pid1724.mdmp
#

---------------  S U M M A R Y ------------

Command Line: org.jetbrains.git4idea.http.GitAskPassApp Username for 'https://github.com': 

Host: QEMU Virtual CPU version 2.1.2, 2 cores, 1G,  Windows Server 2012 R2 , 64 bit Build 9600 (6.3.9600.17415)
Time: Sun Jan  5 17:11:38 2020 GTB Standard Time elapsed time: 0 seconds (0d 0h 0m 0s)

---------------  T H R E A D  ---------------

Current thread (0x000000a1084d5800):  JavaThread "Unknown thread" [_thread_in_vm, id=504, stack(0x000000a106450000,0x000000a106550000)]

Stack: [0x000000a106450000,0x000000a106550000]
Native frames: (J=compiled Java code, j=interpreted, Vv=VM code, C=native code)
V  [jvm.dll+0x5dcafa]
V  [jvm.dll+0x70e375]
V  [jvm.dll+0x70f898]
V  [jvm.dll+0x70ff63]
V  [jvm.dll+0x23e238]
V  [jvm.dll+0x5da1c4]
V  [jvm.dll+0x5cf265]
V  [jvm.dll+0x2fac3b]
V  [jvm.dll+0x2fabaa]
V  [jvm.dll+0x2faa82]
V  [jvm.dll+0x2ff956]
V  [jvm.dll+0x3480d3]
V  [jvm.dll+0x3487d6]
V  [jvm.dll+0x3481d3]
V  [jvm.dll+0x2d5548]
V  [jvm.dll+0x2d66e7]
V  [jvm.dll+0x6ed237]
V  [jvm.dll+0x6eea2c]
V  [jvm.dll+0x355849]
V  [jvm.dll+0x6d239e]
V  [jvm.dll+0x3be283]
V  [jvm.dll+0x3c0701]
C  [jli.dll+0x5363]
C  [ucrtbase.DLL+0x1c1ae]
C  [KERNEL32.DLL+0x13d2]
C  [ntdll.dll+0x154f4]


---------------  P R O C E S S  ---------------

Threads class SMR info:
_java_thread_list=0x000000a10629e1d0, length=0, elements={
}

Java Threads: ( => current thread )

Other Threads:
  0x000000a1084ed000 GCTaskThread "GC Thread#0" [stack: 0x000000a107e90000,0x000000a107f90000] [id=3972]
  0x000000a1084fd000 ConcurrentGCThread "G1 Main Marker" [stack: 0x000000a11c470000,0x000000a11c570000] [id=2748]
  0x000000a1084ff800 ConcurrentGCThread "G1 Conc#0" [stack: 0x000000a11c570000,0x000000a11c670000] [id=3320]

[error occurred during error reporting (printing all threads), id 0xc0000005, EXCEPTION_ACCESS_VIOLATION (0xc0000005) at pc=0x00007ffc15705c17]

VM state:not at safepoint (not fully initialized)

VM Mutex/Monitor currently owned by a thread:  ([mutex/lock_event])
[0x000000a1084d1790] Heap_lock - owner thread: 0x000000a1084d5800

Heap address: 0x00000000e0000000, size: 512 MB, Compressed Oops mode: Non-zero based: 0x00000000e0000000
Narrow klass base: 0x0000000000000000, Narrow klass shift: 0

GC Heap History (0 events):
No events

Deoptimization events (0 events):
No events

Classes redefined (0 events):
No events

Internal exceptions (0 events):
No events

Events (0 events):
No events


Dynamic libraries:
0x00007ff73dbc0000 - 0x00007ff73dbca000 	C:\Program Files\JetBrains\WebStorm 2019.3.1\jbr\bin\java.exe
0x00007ffc234d0000 - 0x00007ffc2367d000 	C:\Windows\SYSTEM32\ntdll.dll
0x00007ffc22d10000 - 0x00007ffc22e4e000 	C:\Windows\system32\KERNEL32.DLL
0x00007ffc206d0000 - 0x00007ffc207e5000 	C:\Windows\system32\KERNELBASE.dll
0x00007ffc1cf90000 - 0x00007ffc1cfa9000 	C:\Program Files\JetBrains\WebStorm 2019.3.1\jbr\bin\jli.dll
0x00007ffc1cf70000 - 0x00007ffc1cf87000 	C:\Program Files\JetBrains\WebStorm 2019.3.1\jbr\bin\VCRUNTIME140.dll
0x00007ffc1cf60000 - 0x00007ffc1cf64000 	C:\Program Files\JetBrains\WebStorm 2019.3.1\jbr\bin\api-ms-win-crt-stdio-l1-1-0.dll
0x00007ffc1cf50000 - 0x00007ffc1cf54000 	C:\Program Files\JetBrains\WebStorm 2019.3.1\jbr\bin\api-ms-win-crt-runtime-l1-1-0.dll
0x00007ffc196e0000 - 0x00007ffc196e3000 	C:\Program Files\JetBrains\WebStorm 2019.3.1\jbr\bin\api-ms-win-crt-environment-l1-1-0.dll
0x00007ffc194b0000 - 0x00007ffc194b5000 	C:\Program Files\JetBrains\WebStorm 2019.3.1\jbr\bin\api-ms-win-crt-math-l1-1-0.dll
0x00007ffc194a0000 - 0x00007ffc194a3000 	C:\Program Files\JetBrains\WebStorm 2019.3.1\jbr\bin\api-ms-win-crt-locale-l1-1-0.dll
0x00007ffc19340000 - 0x00007ffc19343000 	C:\Program Files\JetBrains\WebStorm 2019.3.1\jbr\bin\api-ms-win-crt-heap-l1-1-0.dll
0x00007ffc14690000 - 0x00007ffc1490b000 	C:\Windows\WinSxS\amd64_microsoft.windows.common-controls_6595b64144ccf1df_6.0.9600.18006_none_623f33d3ecbe86e8\COMCTL32.dll
0x00007ffc21160000 - 0x00007ffc212d7000 	C:\Windows\system32\USER32.dll
0x00007ffc192d0000 - 0x00007ffc192d3000 	C:\Program Files\JetBrains\WebStorm 2019.3.1\jbr\bin\api-ms-win-crt-filesystem-l1-1-0.dll
0x00007ffc192c0000 - 0x00007ffc192c4000 	C:\Program Files\JetBrains\WebStorm 2019.3.1\jbr\bin\api-ms-win-crt-string-l1-1-0.dll
0x00007ffc192b0000 - 0x00007ffc192b4000 	C:\Program Files\JetBrains\WebStorm 2019.3.1\jbr\bin\api-ms-win-crt-convert-l1-1-0.dll
0x00007ffc22e50000 - 0x00007ffc22efa000 	C:\Windows\system32\msvcrt.dll
0x00007ffc22f60000 - 0x00007ffc230ab000 	C:\Windows\system32\GDI32.dll
0x00007ffc0dcb0000 - 0x00007ffc0ddaa000 	C:\Program Files\JetBrains\WebStorm 2019.3.1\jbr\bin\ucrtbase.DLL
0x00007ffc23410000 - 0x00007ffc23446000 	C:\Windows\system32\IMM32.DLL
0x00007ffc212e0000 - 0x00007ffc21431000 	C:\Windows\system32\MSCTF.dll
0x00007ffc0ce70000 - 0x00007ffc0cf0d000 	C:\Program Files\JetBrains\WebStorm 2019.3.1\jbr\bin\msvcp140.dll
0x00007ffc192a0000 - 0x00007ffc192a5000 	C:\Program Files\JetBrains\WebStorm 2019.3.1\jbr\bin\api-ms-win-crt-multibyte-l1-1-0.dll
0x00007ffc19290000 - 0x00007ffc19293000 	C:\Program Files\JetBrains\WebStorm 2019.3.1\jbr\bin\api-ms-win-crt-time-l1-1-0.dll
0x00007ffc19120000 - 0x00007ffc19123000 	C:\Program Files\JetBrains\WebStorm 2019.3.1\jbr\bin\api-ms-win-crt-utility-l1-1-0.dll
0x00007ffc15420000 - 0x00007ffc15edb000 	C:\Program Files\JetBrains\WebStorm 2019.3.1\jbr\bin\server\jvm.dll
0x00007ffc20b60000 - 0x00007ffc20c0a000 	C:\Windows\system32\ADVAPI32.dll
0x00007ffc1d9b0000 - 0x00007ffc1d9b9000 	C:\Windows\SYSTEM32\WSOCK32.dll
0x00007ffc17be0000 - 0x00007ffc17c02000 	C:\Windows\SYSTEM32\WINMM.dll
0x00007ffc1a110000 - 0x00007ffc1a11a000 	C:\Windows\SYSTEM32\VERSION.dll
0x00007ffc21030000 - 0x00007ffc21037000 	C:\Windows\system32\PSAPI.DLL
0x00007ffc21040000 - 0x00007ffc21099000 	C:\Windows\SYSTEM32\sechost.dll
0x00007ffc230b0000 - 0x00007ffc231f0000 	C:\Windows\system32\RPCRT4.dll
0x00007ffc22f00000 - 0x00007ffc22f5a000 	C:\Windows\system32\WS2_32.dll
0x00007ffc17b50000 - 0x00007ffc17b7a000 	C:\Windows\SYSTEM32\WINMMBASE.dll
0x00007ffc20a80000 - 0x00007ffc20aae000 	C:\Windows\system32\SspiCli.dll
0x00007ffc23450000 - 0x00007ffc23459000 	C:\Windows\system32\NSI.dll
0x00007ffc20850000 - 0x00007ffc2089f000 	C:\Windows\SYSTEM32\cfgmgr32.dll
0x00007ffc1f4a0000 - 0x00007ffc1f4c8000 	C:\Windows\SYSTEM32\DEVOBJ.dll
0x00007ffc1b710000 - 0x00007ffc1b721000 	C:\Program Files\JetBrains\WebStorm 2019.3.1\jbr\bin\verify.dll
0x00007ffc17270000 - 0x00007ffc173f9000 	C:\Windows\SYSTEM32\DBGHELP.DLL
0x00007ffc1a1d0000 - 0x00007ffc1a1f9000 	C:\Program Files\JetBrains\WebStorm 2019.3.1\jbr\bin\java.dll
0x00007ffc1a130000 - 0x00007ffc1a147000 	C:\Program Files\JetBrains\WebStorm 2019.3.1\jbr\bin\zip.dll
0x00007ffc1c200000 - 0x00007ffc1c20b000 	C:\Program Files\JetBrains\WebStorm 2019.3.1\jbr\bin\jimage.dll

dbghelp: loaded successfully - version: 4.0.5 - missing functions: none
symbol engine: initialized successfully - sym options: 0x614 - pdb path: .;C:\Program Files\JetBrains\WebStorm 2019.3.1\jbr\bin;C:\Windows\SYSTEM32;C:\Windows\WinSxS\amd64_microsoft.windows.common-controls_6595b64144ccf1df_6.0.9600.18006_none_623f33d3ecbe86e8;C:\Program Files\JetBrains\WebStorm 2019.3.1\jbr\bin\server

VM Arguments:
java_command: org.jetbrains.git4idea.http.GitAskPassApp Username for 'https://github.com': 
java_class_path (initial): C:/Program Files/JetBrains/WebStorm 2019.3.1/plugins/git4idea/lib/git4idea-rt.jar;C:/Program Files/JetBrains/WebStorm 2019.3.1/lib/xmlrpc-2.0.1.jar;C:/Program Files/JetBrains/WebStorm 2019.3.1/lib/commons-codec-1.13.jar;C:/Program Files/JetBrains/WebStorm 2019.3.1/lib/util.jar
Launcher Type: SUN_STANDARD

[Global flags]
     intx CICompilerCount                          = 2                                         {product} {ergonomic}
     uint ConcGCThreads                            = 1                                         {product} {ergonomic}
     uint G1ConcRefinementThreads                  = 2                                         {product} {ergonomic}
   size_t G1HeapRegionSize                         = 1048576                                   {product} {ergonomic}
    uintx GCDrainStackTargetSize                   = 64                                        {product} {ergonomic}
   size_t InitialHeapSize                          = 33554432                                  {product} {ergonomic}
   size_t MarkStackSize                            = 4194304                                   {product} {ergonomic}
   size_t MaxHeapSize                              = 536870912                                 {product} {ergonomic}
   size_t MinHeapDeltaBytes                        = 1048576                                   {product} {ergonomic}
    uintx NonNMethodCodeHeapSize                   = 5825164                                {pd product} {ergonomic}
    uintx NonProfiledCodeHeapSize                  = 122916538                              {pd product} {ergonomic}
    uintx ProfiledCodeHeapSize                     = 122916538                              {pd product} {ergonomic}
    uintx ReservedCodeCacheSize                    = 251658240                              {pd product} {ergonomic}
     bool SegmentedCodeCache                       = true                                      {product} {ergonomic}
     bool UseCompressedClassPointers               = true                                 {lp64_product} {ergonomic}
     bool UseCompressedOops                        = true                                 {lp64_product} {ergonomic}
     bool UseG1GC                                  = true                                      {product} {ergonomic}
     bool UseLargePagesIndividualAllocation        = false                                  {pd product} {ergonomic}

Logging:
Log output configuration:
 #0: stdout all=warning uptime,level,tags
 #1: stderr all=off uptime,level,tags

Environment Variables:
PATH=C:\Program Files\Git\mingw64\libexec\git-core;C:\Program Files\Git\mingw64\libexec\git-core;C:\Program Files\Git\mingw64\bin;C:\Program Files\Git\usr\bin;C:\Users\Administrator\bin;C:\Python27;C:\Python27\Scripts;C:\Windows\system32;C:\Windows;C:\Windows\System32\Wbem;C:\Windows\System32\WindowsPowerShell\v1.0;C:\Program Files\nodejs;C:\ProgramData\chocolatey\bin;C:\Program Files\Git\cmd;C:\Users\Administrator\AppData\Roaming\npm;C:\Program Files\JetBrains\WebStorm 2019.3.1\bin
USERNAME=Administrator
DISPLAY=:0.0
OS=Windows_NT
PROCESSOR_IDENTIFIER=AMD64 Family 6 Model 6 Stepping 3, AuthenticAMD



---------------  S Y S T E M  ---------------

OS: Windows Server 2012 R2 , 64 bit Build 9600 (6.3.9600.17415)
KVM virtualization detected

CPU:total 2 (initial active 2) (1 cores per cpu, 1 threads per core) family 6 model 6 stepping 3, cmov, cx8, fxsr, mmx, sse, sse2, sse3, popcnt, lzcnt, tsc

Memory: 4k page, system-wide physical 2047M (90M free)
TotalPageFile size 2559M (AvailPageFile size 25M)
current process WorkingSet (physical memory assigned to process): 8M, peak: 8M
current process commit charge ("private bytes"): 47M, peak: 79M

vm_info: OpenJDK 64-Bit Server VM (11.0.5+10-b520.17) for windows-amd64 JRE (11.0.5+10-b520.17), built on Dec  2 2019 12:11:34 by "" with MS VC++ 14.0 (VS2015)

END.
